<?xml version="1.0" encoding="UTF-8"?>
<!-- Generated by org.testng.reporters.JUnitReportReporter -->
<testsuite hostname="DESKTOP-DK5H4QG" failures="0" tests="2" name="testCases.TC001_AccountRegistrationTest" time="25.630" errors="0" timestamp="2026-06-13T22:53:18 IST" skipped="0">
  <testcase classname="testCases.TC001_AccountRegistrationTest" name="verifyAccountRegistration" time="11.429"/>
  <testcase classname="testCases.TC001_AccountRegistrationTest" name="verifyAccountRegistration" time="14.201"/>
</testsuite> <!-- testCases.TC001_AccountRegistrationTest -->
